6/1/2021, 12:06:07 PM - INFO - Server is running on port: 3030 
6/1/2021, 12:12:55 PM - INFO - Server is running on port: 3030 
6/1/2021, 12:37:53 PM - INFO - Server is running on port: 3030 
6/1/2021, 12:51:34 PM - INFO - Server is running on port: 3030 
6/1/2021, 12:52:29 PM - ERROR - Failed to get toys | ReferenceError: criteria is not defined 
6/1/2021, 12:52:29 PM - ERROR - Failed to get toys | ReferenceError: criteria is not defined 
6/1/2021, 12:52:50 PM - INFO - Server is running on port: 3030 
6/1/2021, 12:53:51 PM - INFO - Server is running on port: 3030 
6/1/2021, 12:53:53 PM - ERROR - Failed to get waps | TypeError: collection.toArray is not a function 
6/1/2021, 12:53:53 PM - ERROR - Failed to get toys | TypeError: collection.toArray is not a function 
6/1/2021, 12:54:10 PM - ERROR - Failed to get waps | TypeError: collection.toArray is not a function 
6/1/2021, 12:54:10 PM - ERROR - Failed to get toys | TypeError: collection.toArray is not a function 
6/1/2021, 12:54:25 PM - INFO - Server is running on port: 3030 
6/1/2021, 12:55:41 PM - INFO - Server is running on port: 3030 
6/1/2021, 12:56:55 PM - INFO - Server is running on port: 3030 
6/1/2021, 12:57:18 PM - INFO - Server is running on port: 3030 
6/1/2021, 12:57:39 PM - INFO - Server is running on port: 3030 
6/1/2021, 1:28:13 PM - INFO - Server is running on port: 3030 
6/1/2021, 1:28:50 PM - INFO - Server is running on port: 3030 
6/1/2021, 1:30:22 PM - INFO - Server is running on port: 3030 
6/1/2021, 1:30:26 PM - ERROR - Failed to get toys | ReferenceError: toys is not defined 
6/1/2021, 1:31:40 PM - INFO - Server is running on port: 3030 
6/1/2021, 2:54:08 PM - INFO - Server is running on port: 3030 
6/1/2021, 2:56:00 PM - ERROR - Failed to update wap | ReferenceError: toyService is not defined 
6/1/2021, 2:56:19 PM - INFO - Server is running on port: 3030 
6/1/2021, 2:57:29 PM - INFO - Server is running on port: 3030
6/1/2021, 2:58:34 PM - INFO - Server is running on port: 3030 
6/1/2021, 2:59:40 PM - INFO - Server is running on port: 3030 
6/1/2021, 3:00:11 PM - INFO - Server is running on port: 3030 
6/1/2021, 3:00:32 PM - INFO - Server is running on port: 3030 
6/1/2021, 3:37:11 PM - INFO - Server is running on port: 3030 
6/1/2021, 3:37:14 PM - ERROR - Failed to get cmps | TypeError: Converting circular structure to JSON
    --> starting at object with constructor 'NativeTopology'
    |     property 's' -> object with constructor 'Object'
    |     property 'sessionPool' -> object with constructor 'ServerSessionPool'
    --- property 'topology' closes the circle 
6/1/2021, 3:37:31 PM - INFO - Server is running on port: 3030 
6/1/2021, 7:31:56 PM - INFO - Server is running on port: 3030 
6/1/2021, 8:18:04 PM - INFO - Server is running on port: 3030 
6/1/2021, 8:22:09 PM - INFO - Server is running on port: 3030 
6/1/2021, 8:32:05 PM - INFO - Server is running on port: 3030 
6/1/2021, 8:33:55 PM - INFO - Server is running on port: 3030 
6/1/2021, 8:37:21 PM - INFO - Server is running on port: 3030 
6/1/2021, 8:38:06 PM - INFO - Server is running on port: 3030 
6/1/2021, 8:39:10 PM - INFO - Server is running on port: 3030 
6/1/2021, 8:49:31 PM - INFO - Server is running on port: 3030 
6/1/2021, 8:50:15 PM - INFO - Server is running on port: 3030 
6/1/2021, 9:08:25 PM - INFO - Server is running on port: 3030 
6/1/2021, 9:08:36 PM - INFO - Server is running on port: 3030 
6/1/2021, 9:08:57 PM - INFO - Server is running on port: 3030 
6/1/2021, 9:09:05 PM - INFO - Server is running on port: 3030 
6/1/2021, 9:11:37 PM - INFO - Server is running on port: 3030 
6/1/2021, 9:11:40 PM - ERROR - Failed to get toys | ReferenceError: wap is not defined 
6/1/2021, 9:11:44 PM - ERROR - Failed to get toys | ReferenceError: wap is not defined 
6/1/2021, 9:11:55 PM - INFO - Server is running on port: 3030 
6/1/2021, 9:16:16 PM - INFO - Server is running on port: 3030 
6/1/2021, 9:43:29 PM - INFO - Server is running on port: 3030 
6/1/2021, 10:13:09 PM - INFO - Server is running on port: 3030 
01/06/2021, 22:39:50 - INFO - Server is running on port: 3030 
6/1/2021, 11:58:37 PM - INFO - Server is running on port: 3030 
6/2/2021, 8:32:19 AM - INFO - Server is running on port: 3030 
6/2/2021, 11:04:11 AM - INFO - Server is running on port: 3030 
6/2/2021, 1:53:29 PM - INFO - Server is running on port: 3030 
6/2/2021, 1:59:55 PM - INFO - Server is running on port: 3030 
02/06/2021, 14:28:26 - INFO - Server is running on port: 3030 
02/06/2021, 21:14:42 - INFO - Server is running on port: 3030 
02/06/2021, 22:22:02 - INFO - Server is running on port: 3030 
02/06/2021, 22:22:27 - INFO - Server is running on port: 3030 
03/06/2021, 2:24:17 - INFO - Server is running on port: 3030 
03/06/2021, 8:42:21 - INFO - Server is running on port: 3030 
04/06/2021, 8:57:06 - INFO - Server is running on port: 3030 
6/5/2021, 1:35:15 PM - INFO - Server is running on port: 3030 
6/5/2021, 2:15:02 PM - INFO - Server is running on port: 3030 
6/5/2021, 2:18:45 PM - INFO - Server is running on port: 3030 
6/5/2021, 2:19:43 PM - INFO - Server is running on port: 3030 
6/5/2021, 2:21:41 PM - INFO - Server is running on port: 3030 
6/5/2021, 5:00:09 PM - INFO - Server is running on port: 3030 
6/5/2021, 7:21:16 PM - INFO - Server is running on port: 3030 
6/5/2021, 7:21:29 PM - INFO - Server is running on port: 3030 
6/5/2021, 7:39:28 PM - INFO - Server is running on port: 3030 
6/6/2021, 8:21:58 AM - INFO - Server is running on port: 3030 
6/6/2021, 4:19:51 PM - INFO - Server is running on port: 3030 
6/6/2021, 5:44:51 PM - INFO - Server is running on port: 3030 
6/6/2021, 5:45:23 PM - INFO - Server is running on port: 3030 
6/6/2021, 7:16:01 PM - INFO - Server is running on port: 3030 
6/6/2021, 7:38:45 PM - INFO - Server is running on port: 3030 
6/7/2021, 8:28:41 AM - INFO - Server is running on port: 3030 
6/7/2021, 1:21:55 PM - INFO - Server is running on port: 3030 
6/7/2021, 4:56:05 PM - INFO - Server is running on port: 3030 
6/7/2021, 4:56:32 PM - INFO - Server is running on port: 3030 
6/7/2021, 5:55:42 PM - INFO - Server is running on port: 3030 
6/7/2021, 5:57:13 PM - INFO - Server is running on port: 3030 
6/7/2021, 5:58:22 PM - INFO - Server is running on port: 3030 
6/7/2021, 6:03:03 PM - INFO - Server is running on port: 3030 
6/7/2021, 6:06:18 PM - INFO - Server is running on port: 3030 
6/7/2021, 6:32:16 PM - INFO - Server is running on port: 3030 
6/7/2021, 6:36:25 PM - INFO - Server is running on port: 3030 
6/7/2021, 6:37:34 PM - INFO - Server is running on port: 3030 
6/7/2021, 6:40:14 PM - INFO - Server is running on port: 3030 
6/7/2021, 7:14:51 PM - INFO - Server is running on port: 3030 
6/7/2021, 8:18:02 PM - INFO - Server is running on port: 3030 
6/7/2021, 8:54:37 PM - ERROR - Failed to get waps | MongoServerSelectionError: getaddrinfo ENOTFOUND webuild-shard-00-00.x31ee.mongodb.net 
6/7/2021, 8:54:37 PM - ERROR - Failed to get toys | MongoServerSelectionError: getaddrinfo ENOTFOUND webuild-shard-00-00.x31ee.mongodb.net 
6/7/2021, 8:55:07 PM - ERROR - Failed to get cmps | MongoServerSelectionError: getaddrinfo ENOTFOUND webuild-shard-00-00.x31ee.mongodb.net 
6/7/2021, 8:55:07 PM - ERROR - Failed to get cmps | MongoServerSelectionError: getaddrinfo ENOTFOUND webuild-shard-00-00.x31ee.mongodb.net 
6/7/2021, 8:56:06 PM - ERROR - Failed to get waps | MongoServerSelectionError: getaddrinfo ENOTFOUND webuild-shard-00-00.x31ee.mongodb.net 
6/7/2021, 8:56:06 PM - ERROR - Failed to get toys | MongoServerSelectionError: getaddrinfo ENOTFOUND webuild-shard-00-00.x31ee.mongodb.net 
6/7/2021, 8:56:36 PM - ERROR - Failed to get cmps | MongoServerSelectionError: getaddrinfo ENOTFOUND webuild-shard-00-00.x31ee.mongodb.net 
6/7/2021, 8:56:36 PM - ERROR - Failed to get cmps | MongoServerSelectionError: getaddrinfo ENOTFOUND webuild-shard-00-00.x31ee.mongodb.net 
6/7/2021, 8:57:00 PM - ERROR - Failed to get waps | MongoServerSelectionError: getaddrinfo ENOTFOUND webuild-shard-00-00.x31ee.mongodb.net 
6/7/2021, 8:57:00 PM - ERROR - Failed to get toys | MongoServerSelectionError: getaddrinfo ENOTFOUND webuild-shard-00-00.x31ee.mongodb.net 
6/7/2021, 8:57:29 PM - ERROR - Failed to get waps | MongoServerSelectionError: getaddrinfo ENOTFOUND webuild-shard-00-00.x31ee.mongodb.net 
6/7/2021, 8:57:29 PM - ERROR - Failed to get toys | MongoServerSelectionError: getaddrinfo ENOTFOUND webuild-shard-00-00.x31ee.mongodb.net 
6/7/2021, 8:57:54 PM - ERROR - Failed to get waps | MongoServerSelectionError: getaddrinfo ENOTFOUND webuild-shard-00-00.x31ee.mongodb.net 
6/7/2021, 8:57:54 PM - ERROR - Failed to get toys | MongoServerSelectionError: getaddrinfo ENOTFOUND webuild-shard-00-00.x31ee.mongodb.net 
6/7/2021, 8:58:02 PM - INFO - Server is running on port: 3030 
6/7/2021, 8:58:02 PM - ERROR - Cannot Connect to DB | Error: querySrv ECONNREFUSED _mongodb._tcp.webuild.x31ee.mongodb.net 
6/7/2021, 8:58:02 PM - ERROR - Failed to get Mongo collection | Error: querySrv ECONNREFUSED _mongodb._tcp.webuild.x31ee.mongodb.net 
6/7/2021, 8:58:02 PM - ERROR - Failed to get waps | Error: querySrv ECONNREFUSED _mongodb._tcp.webuild.x31ee.mongodb.net 
6/7/2021, 8:58:02 PM - ERROR - Failed to get toys | Error: querySrv ECONNREFUSED _mongodb._tcp.webuild.x31ee.mongodb.net 
6/7/2021, 8:58:02 PM - ERROR - Cannot Connect to DB | Error: querySrv EDESTRUCTION _mongodb._tcp.webuild.x31ee.mongodb.net 
6/7/2021, 8:58:02 PM - ERROR - Failed to get Mongo collection | Error: querySrv EDESTRUCTION _mongodb._tcp.webuild.x31ee.mongodb.net 
6/7/2021, 8:58:02 PM - ERROR - Failed to get cmps | Error: querySrv EDESTRUCTION _mongodb._tcp.webuild.x31ee.mongodb.net 
6/7/2021, 8:58:02 PM - ERROR - Failed to get cmps | Error: querySrv EDESTRUCTION _mongodb._tcp.webuild.x31ee.mongodb.net 
6/7/2021, 8:58:02 PM - ERROR - Cannot Connect to DB | Error: querySrv ECONNREFUSED _mongodb._tcp.webuild.x31ee.mongodb.net 
6/7/2021, 8:58:02 PM - ERROR - Failed to get Mongo collection | Error: querySrv ECONNREFUSED _mongodb._tcp.webuild.x31ee.mongodb.net 
6/7/2021, 8:58:02 PM - ERROR - Failed to get waps | Error: querySrv ECONNREFUSED _mongodb._tcp.webuild.x31ee.mongodb.net 
6/7/2021, 8:58:02 PM - ERROR - Failed to get toys | Error: querySrv ECONNREFUSED _mongodb._tcp.webuild.x31ee.mongodb.net 
6/7/2021, 8:58:02 PM - ERROR - Cannot Connect to DB | Error: querySrv ECONNREFUSED _mongodb._tcp.webuild.x31ee.mongodb.net 
6/7/2021, 8:58:02 PM - ERROR - Failed to get Mongo collection | Error: querySrv ECONNREFUSED _mongodb._tcp.webuild.x31ee.mongodb.net 
6/7/2021, 8:58:02 PM - ERROR - Failed to get waps | Error: querySrv ECONNREFUSED _mongodb._tcp.webuild.x31ee.mongodb.net 
6/7/2021, 8:58:02 PM - ERROR - Failed to get toys | Error: querySrv ECONNREFUSED _mongodb._tcp.webuild.x31ee.mongodb.net 
6/7/2021, 8:58:02 PM - ERROR - Cannot Connect to DB | Error: querySrv ECONNREFUSED _mongodb._tcp.webuild.x31ee.mongodb.net 
6/7/2021, 8:58:02 PM - ERROR - Failed to get Mongo collection | Error: querySrv ECONNREFUSED _mongodb._tcp.webuild.x31ee.mongodb.net 
6/7/2021, 8:58:02 PM - ERROR - Failed to get cmps | Error: querySrv ECONNREFUSED _mongodb._tcp.webuild.x31ee.mongodb.net 
6/7/2021, 8:58:02 PM - ERROR - Failed to get cmps | Error: querySrv ECONNREFUSED _mongodb._tcp.webuild.x31ee.mongodb.net 
6/8/2021, 8:52:19 AM - INFO - Server is running on port: 3030 
6/8/2021, 9:03:09 AM - INFO - Server is running on port: 3030 
6/8/2021, 9:05:08 AM - INFO - Server is running on port: 3030 
6/8/2021, 9:06:34 AM - INFO - Server is running on port: 3030 
6/8/2021, 9:07:54 AM - INFO - Server is running on port: 3030 
